2025-03-04 15:06:03 | INFO | ====== 程序启动 ======
2025-03-04 15:06:03 | INFO | ====== 主程序开始执行 ======
2025-03-04 15:06:03 | INFO | 开始查询电费数据，最大重试次数: 3
2025-03-04 15:06:03 | DEBUG | 第 1 次尝试请求接口
2025-03-04 15:06:04 | SUCCESS | 成功获取有效电费数据
2025-03-04 15:06:04 | SUCCESS | 成功获取电量数据: 457.70 度
2025-03-04 15:06:04 | DEBUG | 进入数据保存流程
2025-03-04 15:06:04 | INFO | ====== 程序正常结束 ======
2025-03-04 16:28:01 | INFO | ====== 程序启动 ======
2025-03-04 16:28:01 | INFO | ====== 主程序开始执行 ======
2025-03-04 16:28:01 | INFO | 开始查询电费数据，最大重试次数: 3
2025-03-04 16:28:01 | DEBUG | 第 1 次尝试请求接口
2025-03-04 16:28:01 | WARNING | Cookie 已过期，触发更新流程
2025-03-04 16:28:01 | DEBUG | 开始执行登录流程
2025-03-04 16:28:02 | SUCCESS | 登录成功，获取到 id_token
2025-03-04 16:28:02 | DEBUG | 正在获取 cookies部分1
2025-03-04 16:28:02 | SUCCESS | 成功获取到 cookies部分1
2025-03-04 16:28:02 | DEBUG | 正在获取 cookies部分2
2025-03-04 16:28:03 | SUCCESS | 成功获取到 cookies部分2
2025-03-04 16:28:03 | DEBUG | 正在获取 cookies部分3
2025-03-04 16:28:04 | SUCCESS | 成功获取到 cookies部分3
2025-03-04 16:28:04 | INFO | Cookie 更新完成，等待重试...
2025-03-04 16:28:14 | DEBUG | 第 2 次尝试请求接口
2025-03-04 16:28:15 | SUCCESS | 成功获取有效电费数据
2025-03-04 16:28:15 | SUCCESS | 成功获取电量数据: 457.70 度
2025-03-04 16:28:15 | DEBUG | 进入数据保存流程
2025-03-04 16:28:15 | INFO | ====== 程序正常结束 ======
2025-03-04 16:41:33 | INFO | ====== 程序启动 ======
2025-03-04 16:41:33 | INFO | ====== 主程序开始执行 ======
2025-03-04 16:41:33 | INFO | 开始查询电费数据，最大重试次数: 3
2025-03-04 16:41:33 | DEBUG | 第 1 次尝试请求接口
2025-03-04 16:41:33 | SUCCESS | 成功获取有效电费数据
2025-03-04 16:41:34 | SUCCESS | 成功获取电量数据: 457.70 度
2025-03-04 16:41:34 | DEBUG | 进入数据保存流程
2025-03-04 16:41:34 | INFO | ====== 程序正常结束 ======
2025-03-04 16:57:02 | INFO | ====== 程序启动 ======
2025-03-04 16:57:02 | INFO | ====== 主程序开始执行 ======
2025-03-04 16:57:02 | INFO | 开始查询电费数据，最大重试次数: 3
2025-03-04 16:57:02 | DEBUG | 第 1 次尝试请求接口
2025-03-04 16:57:03 | SUCCESS | 成功获取有效电费数据
2025-03-04 16:57:03 | SUCCESS | 成功获取电量数据: 457.70 度
2025-03-04 16:57:03 | DEBUG | 进入数据保存流程
2025-03-04 16:57:03 | INFO | ====== 程序正常结束 ======
2025-03-04 17:10:31 | INFO | ====== 程序启动 ======
2025-03-04 17:10:31 | INFO | ====== 主程序开始执行 ======
2025-03-04 17:10:31 | INFO | 开始查询电费数据，最大重试次数: 3
2025-03-04 17:10:31 | DEBUG | 第 1 次尝试请求接口
2025-03-04 17:10:32 | SUCCESS | 成功获取有效电费数据
2025-03-04 17:10:32 | SUCCESS | 成功获取电量数据: 457.70 度
2025-03-04 17:10:32 | DEBUG | 进入数据保存流程
2025-03-04 17:10:32 | INFO | ====== 程序正常结束 ======
2025-03-04 17:25:45 | INFO | ====== 程序启动 ======
2025-03-04 17:25:45 | INFO | ====== 主程序开始执行 ======
2025-03-04 17:25:45 | INFO | 开始查询电费数据，最大重试次数: 3
2025-03-04 17:25:45 | DEBUG | 第 1 次尝试请求接口
2025-03-04 17:25:46 | SUCCESS | 成功获取有效电费数据
2025-03-04 17:25:46 | SUCCESS | 成功获取电量数据: 457.70 度
2025-03-04 17:25:46 | DEBUG | 进入数据保存流程
2025-03-04 17:25:46 | INFO | ====== 程序正常结束 ======
2025-03-04 17:41:02 | INFO | ====== 程序启动 ======
2025-03-04 17:41:02 | INFO | ====== 主程序开始执行 ======
2025-03-04 17:41:02 | INFO | 开始查询电费数据，最大重试次数: 3
2025-03-04 17:41:02 | DEBUG | 第 1 次尝试请求接口
2025-03-04 17:41:03 | SUCCESS | 成功获取有效电费数据
2025-03-04 17:41:03 | SUCCESS | 成功获取电量数据: 457.70 度
2025-03-04 17:41:03 | DEBUG | 进入数据保存流程
2025-03-04 17:41:03 | INFO | ====== 程序正常结束 ======
2025-03-04 17:57:26 | INFO | ====== 程序启动 ======
2025-03-04 17:57:27 | INFO | ====== 主程序开始执行 ======
2025-03-04 17:57:27 | INFO | 开始查询电费数据，最大重试次数: 3
2025-03-04 17:57:27 | DEBUG | 第 1 次尝试请求接口
2025-03-04 17:57:27 | SUCCESS | 成功获取有效电费数据
2025-03-04 17:57:27 | SUCCESS | 成功获取电量数据: 457.70 度
2025-03-04 17:57:27 | DEBUG | 进入数据保存流程
2025-03-04 17:57:27 | INFO | ====== 程序正常结束 ======
2025-03-04 18:09:29 | INFO | ====== 程序启动 ======
2025-03-04 18:09:29 | INFO | ====== 主程序开始执行 ======
2025-03-04 18:09:29 | INFO | 开始查询电费数据，最大重试次数: 3
2025-03-04 18:09:29 | DEBUG | 第 1 次尝试请求接口
2025-03-04 18:09:30 | SUCCESS | 成功获取有效电费数据
2025-03-04 18:09:30 | SUCCESS | 成功获取电量数据: 457.70 度
2025-03-04 18:09:30 | DEBUG | 进入数据保存流程
2025-03-04 18:09:30 | INFO | ====== 程序正常结束 ======
2025-03-04 18:25:18 | INFO | ====== 程序启动 ======
2025-03-04 18:25:18 | INFO | ====== 主程序开始执行 ======
2025-03-04 18:25:18 | INFO | 开始查询电费数据，最大重试次数: 3
2025-03-04 18:25:18 | DEBUG | 第 1 次尝试请求接口
2025-03-04 18:25:19 | SUCCESS | 成功获取有效电费数据
2025-03-04 18:25:19 | SUCCESS | 成功获取电量数据: 457.70 度
2025-03-04 18:25:19 | DEBUG | 进入数据保存流程
2025-03-04 18:25:19 | INFO | ====== 程序正常结束 ======
2025-03-04 18:41:20 | INFO | ====== 程序启动 ======
2025-03-04 18:41:20 | INFO | ====== 主程序开始执行 ======
2025-03-04 18:41:20 | INFO | 开始查询电费数据，最大重试次数: 3
2025-03-04 18:41:20 | DEBUG | 第 1 次尝试请求接口
2025-03-04 18:41:21 | SUCCESS | 成功获取有效电费数据
2025-03-04 18:41:21 | SUCCESS | 成功获取电量数据: 457.70 度
2025-03-04 18:41:21 | DEBUG | 进入数据保存流程
2025-03-04 18:41:21 | INFO | ====== 程序正常结束 ======
2025-03-04 18:56:52 | INFO | ====== 程序启动 ======
2025-03-04 18:56:52 | INFO | ====== 主程序开始执行 ======
2025-03-04 18:56:52 | INFO | 开始查询电费数据，最大重试次数: 3
2025-03-04 18:56:52 | DEBUG | 第 1 次尝试请求接口
2025-03-04 18:56:53 | SUCCESS | 成功获取有效电费数据
2025-03-04 18:56:53 | SUCCESS | 成功获取电量数据: 457.70 度
2025-03-04 18:56:53 | DEBUG | 进入数据保存流程
2025-03-04 18:56:53 | INFO | ====== 程序正常结束 ======
2025-03-04 19:12:22 | INFO | ====== 程序启动 ======
2025-03-04 19:12:22 | INFO | ====== 主程序开始执行 ======
2025-03-04 19:12:22 | INFO | 开始查询电费数据，最大重试次数: 3
2025-03-04 19:12:22 | DEBUG | 第 1 次尝试请求接口
2025-03-04 19:12:23 | SUCCESS | 成功获取有效电费数据
2025-03-04 19:12:23 | SUCCESS | 成功获取电量数据: 457.70 度
2025-03-04 19:12:23 | DEBUG | 进入数据保存流程
2025-03-04 19:12:23 | INFO | ====== 程序正常结束 ======
2025-03-04 19:24:54 | INFO | ====== 程序启动 ======
2025-03-04 19:24:54 | INFO | ====== 主程序开始执行 ======
2025-03-04 19:24:54 | INFO | 开始查询电费数据，最大重试次数: 3
2025-03-04 19:24:54 | DEBUG | 第 1 次尝试请求接口
2025-03-04 19:24:55 | SUCCESS | 成功获取有效电费数据
2025-03-04 19:24:55 | SUCCESS | 成功获取电量数据: 457.70 度
2025-03-04 19:24:55 | DEBUG | 进入数据保存流程
2025-03-04 19:24:55 | INFO | ====== 程序正常结束 ======
2025-03-04 19:41:00 | INFO | ====== 程序启动 ======
2025-03-04 19:41:00 | INFO | ====== 主程序开始执行 ======
2025-03-04 19:41:00 | INFO | 开始查询电费数据，最大重试次数: 3
2025-03-04 19:41:00 | DEBUG | 第 1 次尝试请求接口
2025-03-04 19:41:01 | SUCCESS | 成功获取有效电费数据
2025-03-04 19:41:01 | SUCCESS | 成功获取电量数据: 457.70 度
2025-03-04 19:41:01 | DEBUG | 进入数据保存流程
2025-03-04 19:41:01 | INFO | ====== 程序正常结束 ======
2025-03-04 19:54:30 | INFO | ====== 程序启动 ======
2025-03-04 19:54:30 | INFO | ====== 主程序开始执行 ======
2025-03-04 19:54:30 | INFO | 开始查询电费数据，最大重试次数: 3
2025-03-04 19:54:30 | DEBUG | 第 1 次尝试请求接口
2025-03-04 19:54:31 | SUCCESS | 成功获取有效电费数据
2025-03-04 19:54:31 | SUCCESS | 成功获取电量数据: 457.70 度
2025-03-04 19:54:31 | DEBUG | 进入数据保存流程
2025-03-04 19:54:31 | INFO | ====== 程序正常结束 ======
2025-03-04 20:10:38 | INFO | ====== 程序启动 ======
2025-03-04 20:10:38 | INFO | ====== 主程序开始执行 ======
2025-03-04 20:10:38 | INFO | 开始查询电费数据，最大重试次数: 3
2025-03-04 20:10:38 | DEBUG | 第 1 次尝试请求接口
2025-03-04 20:10:39 | SUCCESS | 成功获取有效电费数据
2025-03-04 20:10:39 | SUCCESS | 成功获取电量数据: 457.70 度
2025-03-04 20:10:39 | DEBUG | 进入数据保存流程
2025-03-04 20:10:39 | INFO | ====== 程序正常结束 ======
2025-03-04 20:25:59 | INFO | ====== 程序启动 ======
2025-03-04 20:25:59 | INFO | ====== 主程序开始执行 ======
2025-03-04 20:25:59 | INFO | 开始查询电费数据，最大重试次数: 3
2025-03-04 20:25:59 | DEBUG | 第 1 次尝试请求接口
2025-03-04 20:25:59 | SUCCESS | 成功获取有效电费数据
2025-03-04 20:25:59 | SUCCESS | 成功获取电量数据: 457.70 度
2025-03-04 20:25:59 | DEBUG | 进入数据保存流程
2025-03-04 20:25:59 | INFO | ====== 程序正常结束 ======
2025-03-04 20:39:54 | INFO | ====== 程序启动 ======
2025-03-04 20:39:54 | INFO | ====== 主程序开始执行 ======
2025-03-04 20:39:54 | INFO | 开始查询电费数据，最大重试次数: 3
2025-03-04 20:39:54 | DEBUG | 第 1 次尝试请求接口
2025-03-04 20:39:55 | SUCCESS | 成功获取有效电费数据
2025-03-04 20:39:55 | SUCCESS | 成功获取电量数据: 457.70 度
2025-03-04 20:39:55 | DEBUG | 进入数据保存流程
2025-03-04 20:39:55 | INFO | ====== 程序正常结束 ======
2025-03-04 20:55:29 | INFO | ====== 程序启动 ======
2025-03-04 20:55:29 | INFO | ====== 主程序开始执行 ======
2025-03-04 20:55:29 | INFO | 开始查询电费数据，最大重试次数: 3
2025-03-04 20:55:29 | DEBUG | 第 1 次尝试请求接口
2025-03-04 20:55:30 | SUCCESS | 成功获取有效电费数据
2025-03-04 20:55:30 | SUCCESS | 成功获取电量数据: 457.70 度
2025-03-04 20:55:30 | DEBUG | 进入数据保存流程
2025-03-04 20:55:30 | INFO | ====== 程序正常结束 ======
2025-03-04 21:11:41 | INFO | ====== 程序启动 ======
2025-03-04 21:11:41 | INFO | ====== 主程序开始执行 ======
2025-03-04 21:11:41 | INFO | 开始查询电费数据，最大重试次数: 3
2025-03-04 21:11:41 | DEBUG | 第 1 次尝试请求接口
2025-03-04 21:11:42 | SUCCESS | 成功获取有效电费数据
2025-03-04 21:11:42 | SUCCESS | 成功获取电量数据: 457.70 度
2025-03-04 21:11:42 | DEBUG | 进入数据保存流程
2025-03-04 21:11:42 | INFO | ====== 程序正常结束 ======
2025-03-04 21:25:39 | INFO | ====== 程序启动 ======
2025-03-04 21:25:39 | INFO | ====== 主程序开始执行 ======
2025-03-04 21:25:39 | INFO | 开始查询电费数据，最大重试次数: 3
2025-03-04 21:25:39 | DEBUG | 第 1 次尝试请求接口
2025-03-04 21:25:42 | SUCCESS | 成功获取有效电费数据
2025-03-04 21:25:42 | SUCCESS | 成功获取电量数据: 457.70 度
2025-03-04 21:25:42 | DEBUG | 进入数据保存流程
2025-03-04 21:25:42 | INFO | ====== 程序正常结束 ======
2025-03-04 21:40:20 | INFO | ====== 程序启动 ======
2025-03-04 21:40:20 | INFO | ====== 主程序开始执行 ======
2025-03-04 21:40:20 | INFO | 开始查询电费数据，最大重试次数: 3
2025-03-04 21:40:20 | DEBUG | 第 1 次尝试请求接口
2025-03-04 21:40:21 | SUCCESS | 成功获取有效电费数据
2025-03-04 21:40:21 | SUCCESS | 成功获取电量数据: 456.70 度
2025-03-04 21:40:21 | DEBUG | 进入数据保存流程
2025-03-04 21:40:21 | INFO | 检测到电量变化: 457.7 -> 456.7
2025-03-04 21:40:24 | DEBUG | 启动图表生成子进程
2025-03-04 21:40:39 | ERROR | 图表生成失败 | 错误码: 1
2025-03-04 21:40:39 | INFO | ====== 程序正常结束 ======
2025-03-04 21:56:14 | INFO | ====== 程序启动 ======
2025-03-04 21:56:14 | INFO | ====== 主程序开始执行 ======
2025-03-04 21:56:14 | INFO | 开始查询电费数据，最大重试次数: 3
2025-03-04 21:56:14 | DEBUG | 第 1 次尝试请求接口
2025-03-04 21:56:14 | SUCCESS | 成功获取有效电费数据
2025-03-04 21:56:14 | SUCCESS | 成功获取电量数据: 456.70 度
2025-03-04 21:56:14 | DEBUG | 进入数据保存流程
2025-03-04 21:56:14 | INFO | ====== 程序正常结束 ======
2025-03-04 22:11:17 | INFO | ====== 程序启动 ======
2025-03-04 22:11:17 | INFO | ====== 主程序开始执行 ======
2025-03-04 22:11:17 | INFO | 开始查询电费数据，最大重试次数: 3
2025-03-04 22:11:17 | DEBUG | 第 1 次尝试请求接口
2025-03-04 22:11:17 | SUCCESS | 成功获取有效电费数据
2025-03-04 22:11:17 | SUCCESS | 成功获取电量数据: 456.60 度
2025-03-04 22:11:17 | DEBUG | 进入数据保存流程
2025-03-04 22:11:17 | INFO | 检测到电量变化: 456.7 -> 456.6
2025-03-04 22:11:20 | DEBUG | 启动图表生成子进程
2025-03-04 22:11:27 | ERROR | 图表生成失败 | 错误码: 1
2025-03-04 22:11:27 | INFO | ====== 程序正常结束 ======
2025-03-04 22:25:19 | INFO | ====== 程序启动 ======
2025-03-04 22:25:19 | INFO | ====== 主程序开始执行 ======
2025-03-04 22:25:19 | INFO | 开始查询电费数据，最大重试次数: 3
2025-03-04 22:25:19 | DEBUG | 第 1 次尝试请求接口
2025-03-04 22:25:20 | SUCCESS | 成功获取有效电费数据
2025-03-04 22:25:20 | SUCCESS | 成功获取电量数据: 456.60 度
2025-03-04 22:25:20 | DEBUG | 进入数据保存流程
2025-03-04 22:25:20 | INFO | ====== 程序正常结束 ======
2025-03-04 22:41:33 | INFO | ====== 程序启动 ======
2025-03-04 22:41:33 | INFO | ====== 主程序开始执行 ======
2025-03-04 22:41:33 | INFO | 开始查询电费数据，最大重试次数: 3
2025-03-04 22:41:33 | DEBUG | 第 1 次尝试请求接口
2025-03-04 22:41:34 | SUCCESS | 成功获取有效电费数据
2025-03-04 22:41:34 | SUCCESS | 成功获取电量数据: 456.60 度
2025-03-04 22:41:34 | DEBUG | 进入数据保存流程
2025-03-04 22:41:34 | INFO | ====== 程序正常结束 ======
2025-03-04 22:57:23 | INFO | ====== 程序启动 ======
2025-03-04 22:57:23 | INFO | ====== 主程序开始执行 ======
2025-03-04 22:57:23 | INFO | 开始查询电费数据，最大重试次数: 3
2025-03-04 22:57:23 | DEBUG | 第 1 次尝试请求接口
2025-03-04 22:57:24 | SUCCESS | 成功获取有效电费数据
2025-03-04 22:57:24 | SUCCESS | 成功获取电量数据: 456.60 度
2025-03-04 22:57:24 | DEBUG | 进入数据保存流程
2025-03-04 22:57:24 | INFO | ====== 程序正常结束 ======
2025-03-04 23:11:59 | INFO | ====== 程序启动 ======
2025-03-04 23:11:59 | INFO | ====== 主程序开始执行 ======
2025-03-04 23:11:59 | INFO | 开始查询电费数据，最大重试次数: 3
2025-03-04 23:11:59 | DEBUG | 第 1 次尝试请求接口
2025-03-04 23:12:00 | SUCCESS | 成功获取有效电费数据
2025-03-04 23:12:00 | SUCCESS | 成功获取电量数据: 456.60 度
2025-03-04 23:12:00 | DEBUG | 进入数据保存流程
2025-03-04 23:12:00 | INFO | ====== 程序正常结束 ======
2025-03-04 23:26:24 | INFO | ====== 程序启动 ======
2025-03-04 23:26:24 | INFO | ====== 主程序开始执行 ======
2025-03-04 23:26:24 | INFO | 开始查询电费数据，最大重试次数: 3
2025-03-04 23:26:24 | DEBUG | 第 1 次尝试请求接口
2025-03-04 23:26:25 | SUCCESS | 成功获取有效电费数据
2025-03-04 23:26:25 | SUCCESS | 成功获取电量数据: 456.60 度
2025-03-04 23:26:25 | DEBUG | 进入数据保存流程
2025-03-04 23:26:25 | INFO | ====== 程序正常结束 ======
2025-03-04 23:39:43 | INFO | ====== 程序启动 ======
2025-03-04 23:39:43 | INFO | ====== 主程序开始执行 ======
2025-03-04 23:39:43 | INFO | 开始查询电费数据，最大重试次数: 3
2025-03-04 23:39:43 | DEBUG | 第 1 次尝试请求接口
2025-03-04 23:39:44 | SUCCESS | 成功获取有效电费数据
2025-03-04 23:39:44 | SUCCESS | 成功获取电量数据: 456.60 度
2025-03-04 23:39:44 | DEBUG | 进入数据保存流程
2025-03-04 23:39:44 | INFO | ====== 程序正常结束 ======
2025-03-04 23:56:14 | INFO | ====== 程序启动 ======
2025-03-04 23:56:14 | INFO | ====== 主程序开始执行 ======
2025-03-04 23:56:14 | INFO | 开始查询电费数据，最大重试次数: 3
2025-03-04 23:56:14 | DEBUG | 第 1 次尝试请求接口
2025-03-04 23:56:14 | SUCCESS | 成功获取有效电费数据
2025-03-04 23:56:14 | SUCCESS | 成功获取电量数据: 456.60 度
2025-03-04 23:56:14 | DEBUG | 进入数据保存流程
2025-03-04 23:56:14 | INFO | ====== 程序正常结束 ======
2025-03-05 00:11:14 | INFO | ====== 程序启动 ======
2025-03-05 00:11:14 | INFO | ====== 主程序开始执行 ======
2025-03-05 00:11:14 | INFO | 开始查询电费数据，最大重试次数: 3
2025-03-05 00:11:14 | DEBUG | 第 1 次尝试请求接口
2025-03-05 00:11:14 | SUCCESS | 成功获取有效电费数据
2025-03-05 00:11:14 | SUCCESS | 成功获取电量数据: 456.60 度
2025-03-05 00:11:14 | DEBUG | 进入数据保存流程
2025-03-05 00:11:14 | INFO | ====== 程序正常结束 ======
2025-03-05 00:26:15 | INFO | ====== 程序启动 ======
2025-03-05 00:26:15 | INFO | ====== 主程序开始执行 ======
2025-03-05 00:26:15 | INFO | 开始查询电费数据，最大重试次数: 3
2025-03-05 00:26:15 | DEBUG | 第 1 次尝试请求接口
2025-03-05 00:26:15 | SUCCESS | 成功获取有效电费数据
2025-03-05 00:26:15 | SUCCESS | 成功获取电量数据: 456.60 度
2025-03-05 00:26:15 | DEBUG | 进入数据保存流程
2025-03-05 00:26:15 | INFO | ====== 程序正常结束 ======
2025-03-05 00:39:59 | INFO | ====== 程序启动 ======
2025-03-05 00:39:59 | INFO | ====== 主程序开始执行 ======
2025-03-05 00:39:59 | INFO | 开始查询电费数据，最大重试次数: 3
2025-03-05 00:39:59 | DEBUG | 第 1 次尝试请求接口
2025-03-05 00:39:59 | SUCCESS | 成功获取有效电费数据
2025-03-05 00:39:59 | SUCCESS | 成功获取电量数据: 456.60 度
2025-03-05 00:39:59 | DEBUG | 进入数据保存流程
2025-03-05 00:39:59 | INFO | ====== 程序正常结束 ======
2025-03-05 00:56:42 | INFO | ====== 程序启动 ======
2025-03-05 00:56:42 | INFO | ====== 主程序开始执行 ======
2025-03-05 00:56:42 | INFO | 开始查询电费数据，最大重试次数: 3
2025-03-05 00:56:42 | DEBUG | 第 1 次尝试请求接口
2025-03-05 00:56:42 | SUCCESS | 成功获取有效电费数据
2025-03-05 00:56:42 | SUCCESS | 成功获取电量数据: 456.60 度
2025-03-05 00:56:42 | DEBUG | 进入数据保存流程
2025-03-05 00:56:42 | INFO | ====== 程序正常结束 ======
2025-03-05 01:11:45 | INFO | ====== 程序启动 ======
2025-03-05 01:11:45 | INFO | ====== 主程序开始执行 ======
2025-03-05 01:11:45 | INFO | 开始查询电费数据，最大重试次数: 3
2025-03-05 01:11:45 | DEBUG | 第 1 次尝试请求接口
2025-03-05 01:11:45 | SUCCESS | 成功获取有效电费数据
2025-03-05 01:11:45 | SUCCESS | 成功获取电量数据: 456.60 度
2025-03-05 01:11:45 | DEBUG | 进入数据保存流程
2025-03-05 01:11:45 | INFO | ====== 程序正常结束 ======
2025-03-05 01:27:16 | INFO | ====== 程序启动 ======
2025-03-05 01:27:16 | INFO | ====== 主程序开始执行 ======
2025-03-05 01:27:16 | INFO | 开始查询电费数据，最大重试次数: 3
2025-03-05 01:27:16 | DEBUG | 第 1 次尝试请求接口
2025-03-05 01:27:16 | SUCCESS | 成功获取有效电费数据
2025-03-05 01:27:16 | SUCCESS | 成功获取电量数据: 456.60 度
2025-03-05 01:27:16 | DEBUG | 进入数据保存流程
2025-03-05 01:27:16 | INFO | ====== 程序正常结束 ======
2025-03-05 01:41:19 | INFO | ====== 程序启动 ======
2025-03-05 01:41:19 | INFO | ====== 主程序开始执行 ======
2025-03-05 01:41:19 | INFO | 开始查询电费数据，最大重试次数: 3
2025-03-05 01:41:19 | DEBUG | 第 1 次尝试请求接口
2025-03-05 01:41:19 | SUCCESS | 成功获取有效电费数据
2025-03-05 01:41:19 | SUCCESS | 成功获取电量数据: 456.60 度
2025-03-05 01:41:19 | DEBUG | 进入数据保存流程
2025-03-05 01:41:19 | INFO | ====== 程序正常结束 ======
2025-03-05 01:55:50 | INFO | ====== 程序启动 ======
2025-03-05 01:55:50 | INFO | ====== 主程序开始执行 ======
2025-03-05 01:55:50 | INFO | 开始查询电费数据，最大重试次数: 3
2025-03-05 01:55:50 | DEBUG | 第 1 次尝试请求接口
2025-03-05 01:55:50 | SUCCESS | 成功获取有效电费数据
2025-03-05 01:55:50 | SUCCESS | 成功获取电量数据: 456.60 度
2025-03-05 01:55:50 | DEBUG | 进入数据保存流程
2025-03-05 01:55:50 | INFO | ====== 程序正常结束 ======
2025-03-05 02:09:43 | INFO | ====== 程序启动 ======
2025-03-05 02:09:43 | INFO | ====== 主程序开始执行 ======
2025-03-05 02:09:43 | INFO | 开始查询电费数据，最大重试次数: 3
2025-03-05 02:09:43 | DEBUG | 第 1 次尝试请求接口
2025-03-05 02:09:43 | SUCCESS | 成功获取有效电费数据
2025-03-05 02:09:43 | SUCCESS | 成功获取电量数据: 456.60 度
2025-03-05 02:09:43 | DEBUG | 进入数据保存流程
2025-03-05 02:09:43 | INFO | ====== 程序正常结束 ======
2025-03-05 02:25:56 | INFO | ====== 程序启动 ======
2025-03-05 02:25:56 | INFO | ====== 主程序开始执行 ======
2025-03-05 02:25:56 | INFO | 开始查询电费数据，最大重试次数: 3
2025-03-05 02:25:56 | DEBUG | 第 1 次尝试请求接口
2025-03-05 02:25:56 | SUCCESS | 成功获取有效电费数据
2025-03-05 02:25:56 | SUCCESS | 成功获取电量数据: 456.60 度
2025-03-05 02:25:56 | DEBUG | 进入数据保存流程
2025-03-05 02:25:56 | INFO | ====== 程序正常结束 ======
2025-03-05 02:41:21 | INFO | ====== 程序启动 ======
2025-03-05 02:41:21 | INFO | ====== 主程序开始执行 ======
2025-03-05 02:41:21 | INFO | 开始查询电费数据，最大重试次数: 3
2025-03-05 02:41:21 | DEBUG | 第 1 次尝试请求接口
2025-03-05 02:41:21 | SUCCESS | 成功获取有效电费数据
2025-03-05 02:41:21 | SUCCESS | 成功获取电量数据: 456.60 度
2025-03-05 02:41:21 | DEBUG | 进入数据保存流程
2025-03-05 02:41:21 | INFO | ====== 程序正常结束 ======
2025-03-05 02:54:51 | INFO | ====== 程序启动 ======
2025-03-05 02:54:51 | INFO | ====== 主程序开始执行 ======
2025-03-05 02:54:51 | INFO | 开始查询电费数据，最大重试次数: 3
2025-03-05 02:54:51 | DEBUG | 第 1 次尝试请求接口
2025-03-05 02:54:51 | SUCCESS | 成功获取有效电费数据
2025-03-05 02:54:51 | SUCCESS | 成功获取电量数据: 456.60 度
2025-03-05 02:54:51 | DEBUG | 进入数据保存流程
2025-03-05 02:54:51 | INFO | ====== 程序正常结束 ======
2025-03-05 03:10:59 | INFO | ====== 程序启动 ======
2025-03-05 03:10:59 | INFO | ====== 主程序开始执行 ======
2025-03-05 03:10:59 | INFO | 开始查询电费数据，最大重试次数: 3
2025-03-05 03:10:59 | DEBUG | 第 1 次尝试请求接口
2025-03-05 03:10:59 | SUCCESS | 成功获取有效电费数据
2025-03-05 03:10:59 | SUCCESS | 成功获取电量数据: 456.60 度
2025-03-05 03:10:59 | DEBUG | 进入数据保存流程
2025-03-05 03:10:59 | INFO | ====== 程序正常结束 ======
2025-03-05 03:25:40 | INFO | ====== 程序启动 ======
2025-03-05 03:25:40 | INFO | ====== 主程序开始执行 ======
2025-03-05 03:25:40 | INFO | 开始查询电费数据，最大重试次数: 3
2025-03-05 03:25:40 | DEBUG | 第 1 次尝试请求接口
2025-03-05 03:25:40 | SUCCESS | 成功获取有效电费数据
2025-03-05 03:25:40 | SUCCESS | 成功获取电量数据: 456.60 度
2025-03-05 03:25:40 | DEBUG | 进入数据保存流程
2025-03-05 03:25:40 | INFO | ====== 程序正常结束 ======
2025-03-05 03:41:32 | INFO | ====== 程序启动 ======
2025-03-05 03:41:32 | INFO | ====== 主程序开始执行 ======
2025-03-05 03:41:32 | INFO | 开始查询电费数据，最大重试次数: 3
2025-03-05 03:41:32 | DEBUG | 第 1 次尝试请求接口
2025-03-05 03:41:32 | SUCCESS | 成功获取有效电费数据
2025-03-05 03:41:32 | SUCCESS | 成功获取电量数据: 456.60 度
2025-03-05 03:41:32 | DEBUG | 进入数据保存流程
2025-03-05 03:41:32 | INFO | ====== 程序正常结束 ======
2025-03-05 03:55:15 | INFO | ====== 程序启动 ======
2025-03-05 03:55:15 | INFO | ====== 主程序开始执行 ======
2025-03-05 03:55:15 | INFO | 开始查询电费数据，最大重试次数: 3
2025-03-05 03:55:15 | DEBUG | 第 1 次尝试请求接口
2025-03-05 03:55:15 | SUCCESS | 成功获取有效电费数据
2025-03-05 03:55:15 | SUCCESS | 成功获取电量数据: 456.60 度
2025-03-05 03:55:15 | DEBUG | 进入数据保存流程
2025-03-05 03:55:15 | INFO | ====== 程序正常结束 ======
2025-03-05 04:11:07 | INFO | ====== 程序启动 ======
2025-03-05 04:11:07 | INFO | ====== 主程序开始执行 ======
2025-03-05 04:11:07 | INFO | 开始查询电费数据，最大重试次数: 3
2025-03-05 04:11:07 | DEBUG | 第 1 次尝试请求接口
2025-03-05 04:11:07 | SUCCESS | 成功获取有效电费数据
2025-03-05 04:11:07 | SUCCESS | 成功获取电量数据: 456.60 度
2025-03-05 04:11:07 | DEBUG | 进入数据保存流程
2025-03-05 04:11:07 | INFO | ====== 程序正常结束 ======
2025-03-05 04:26:34 | INFO | ====== 程序启动 ======
2025-03-05 04:26:34 | INFO | ====== 主程序开始执行 ======
2025-03-05 04:26:34 | INFO | 开始查询电费数据，最大重试次数: 3
2025-03-05 04:26:34 | DEBUG | 第 1 次尝试请求接口
2025-03-05 04:26:34 | SUCCESS | 成功获取有效电费数据
2025-03-05 04:26:34 | SUCCESS | 成功获取电量数据: 456.60 度
2025-03-05 04:26:34 | DEBUG | 进入数据保存流程
2025-03-05 04:26:34 | INFO | ====== 程序正常结束 ======
2025-03-05 04:40:03 | INFO | ====== 程序启动 ======
2025-03-05 04:40:03 | INFO | ====== 主程序开始执行 ======
2025-03-05 04:40:03 | INFO | 开始查询电费数据，最大重试次数: 3
2025-03-05 04:40:03 | DEBUG | 第 1 次尝试请求接口
2025-03-05 04:40:04 | SUCCESS | 成功获取有效电费数据
2025-03-05 04:40:04 | SUCCESS | 成功获取电量数据: 456.60 度
2025-03-05 04:40:04 | DEBUG | 进入数据保存流程
2025-03-05 04:40:04 | INFO | ====== 程序正常结束 ======
2025-03-05 04:54:35 | INFO | ====== 程序启动 ======
2025-03-05 04:54:35 | INFO | ====== 主程序开始执行 ======
2025-03-05 04:54:35 | INFO | 开始查询电费数据，最大重试次数: 3
2025-03-05 04:54:35 | DEBUG | 第 1 次尝试请求接口
2025-03-05 04:54:35 | SUCCESS | 成功获取有效电费数据
2025-03-05 04:54:35 | SUCCESS | 成功获取电量数据: 456.60 度
2025-03-05 04:54:35 | DEBUG | 进入数据保存流程
2025-03-05 04:54:35 | INFO | ====== 程序正常结束 ======
2025-03-05 05:10:27 | INFO | ====== 程序启动 ======
2025-03-05 05:10:27 | INFO | ====== 主程序开始执行 ======
2025-03-05 05:10:27 | INFO | 开始查询电费数据，最大重试次数: 3
2025-03-05 05:10:27 | DEBUG | 第 1 次尝试请求接口
2025-03-05 05:10:27 | SUCCESS | 成功获取有效电费数据
2025-03-05 05:10:27 | SUCCESS | 成功获取电量数据: 456.60 度
2025-03-05 05:10:27 | DEBUG | 进入数据保存流程
2025-03-05 05:10:27 | INFO | ====== 程序正常结束 ======
2025-03-05 05:24:43 | INFO | ====== 程序启动 ======
2025-03-05 05:24:43 | INFO | ====== 主程序开始执行 ======
2025-03-05 05:24:43 | INFO | 开始查询电费数据，最大重试次数: 3
2025-03-05 05:24:43 | DEBUG | 第 1 次尝试请求接口
2025-03-05 05:24:43 | SUCCESS | 成功获取有效电费数据
2025-03-05 05:24:43 | SUCCESS | 成功获取电量数据: 456.60 度
2025-03-05 05:24:43 | DEBUG | 进入数据保存流程
2025-03-05 05:24:43 | INFO | ====== 程序正常结束 ======
2025-03-05 05:41:22 | INFO | ====== 程序启动 ======
2025-03-05 05:41:22 | INFO | ====== 主程序开始执行 ======
2025-03-05 05:41:22 | INFO | 开始查询电费数据，最大重试次数: 3
2025-03-05 05:41:22 | DEBUG | 第 1 次尝试请求接口
2025-03-05 05:41:22 | SUCCESS | 成功获取有效电费数据
2025-03-05 05:41:22 | SUCCESS | 成功获取电量数据: 456.60 度
2025-03-05 05:41:22 | DEBUG | 进入数据保存流程
2025-03-05 05:41:22 | INFO | ====== 程序正常结束 ======
2025-03-05 05:56:50 | INFO | ====== 程序启动 ======
2025-03-05 05:56:50 | INFO | ====== 主程序开始执行 ======
2025-03-05 05:56:50 | INFO | 开始查询电费数据，最大重试次数: 3
2025-03-05 05:56:50 | DEBUG | 第 1 次尝试请求接口
2025-03-05 05:56:50 | SUCCESS | 成功获取有效电费数据
2025-03-05 05:56:50 | SUCCESS | 成功获取电量数据: 456.60 度
2025-03-05 05:56:50 | DEBUG | 进入数据保存流程
2025-03-05 05:56:50 | INFO | ====== 程序正常结束 ======
2025-03-05 06:11:28 | INFO | ====== 程序启动 ======
2025-03-05 06:11:28 | INFO | ====== 主程序开始执行 ======
2025-03-05 06:11:28 | INFO | 开始查询电费数据，最大重试次数: 3
2025-03-05 06:11:28 | DEBUG | 第 1 次尝试请求接口
2025-03-05 06:11:28 | SUCCESS | 成功获取有效电费数据
2025-03-05 06:11:28 | SUCCESS | 成功获取电量数据: 456.60 度
2025-03-05 06:11:28 | DEBUG | 进入数据保存流程
2025-03-05 06:11:28 | INFO | ====== 程序正常结束 ======
2025-03-05 06:24:41 | INFO | ====== 程序启动 ======
2025-03-05 06:24:41 | INFO | ====== 主程序开始执行 ======
2025-03-05 06:24:41 | INFO | 开始查询电费数据，最大重试次数: 3
2025-03-05 06:24:41 | DEBUG | 第 1 次尝试请求接口
2025-03-05 06:24:41 | SUCCESS | 成功获取有效电费数据
2025-03-05 06:24:41 | SUCCESS | 成功获取电量数据: 456.60 度
2025-03-05 06:24:41 | DEBUG | 进入数据保存流程
2025-03-05 06:24:41 | INFO | ====== 程序正常结束 ======
2025-03-05 06:40:29 | INFO | ====== 程序启动 ======
2025-03-05 06:40:29 | INFO | ====== 主程序开始执行 ======
2025-03-05 06:40:29 | INFO | 开始查询电费数据，最大重试次数: 3
2025-03-05 06:40:29 | DEBUG | 第 1 次尝试请求接口
2025-03-05 06:40:29 | SUCCESS | 成功获取有效电费数据
2025-03-05 06:40:29 | SUCCESS | 成功获取电量数据: 456.60 度
2025-03-05 06:40:29 | DEBUG | 进入数据保存流程
2025-03-05 06:40:29 | INFO | ====== 程序正常结束 ======
2025-03-05 06:56:44 | INFO | ====== 程序启动 ======
2025-03-05 06:56:44 | INFO | ====== 主程序开始执行 ======
2025-03-05 06:56:44 | INFO | 开始查询电费数据，最大重试次数: 3
2025-03-05 06:56:44 | DEBUG | 第 1 次尝试请求接口
2025-03-05 06:56:44 | SUCCESS | 成功获取有效电费数据
2025-03-05 06:56:44 | SUCCESS | 成功获取电量数据: 456.60 度
2025-03-05 06:56:44 | DEBUG | 进入数据保存流程
2025-03-05 06:56:44 | INFO | ====== 程序正常结束 ======
2025-03-05 07:11:22 | INFO | ====== 程序启动 ======
2025-03-05 07:11:22 | INFO | ====== 主程序开始执行 ======
2025-03-05 07:11:22 | INFO | 开始查询电费数据，最大重试次数: 3
2025-03-05 07:11:22 | DEBUG | 第 1 次尝试请求接口
2025-03-05 07:11:23 | SUCCESS | 成功获取有效电费数据
2025-03-05 07:11:23 | SUCCESS | 成功获取电量数据: 456.60 度
2025-03-05 07:11:23 | DEBUG | 进入数据保存流程
2025-03-05 07:11:23 | INFO | ====== 程序正常结束 ======
2025-03-05 07:25:27 | INFO | ====== 程序启动 ======
2025-03-05 07:25:27 | INFO | ====== 主程序开始执行 ======
2025-03-05 07:25:27 | INFO | 开始查询电费数据，最大重试次数: 3
2025-03-05 07:25:27 | DEBUG | 第 1 次尝试请求接口
2025-03-05 07:25:27 | SUCCESS | 成功获取有效电费数据
2025-03-05 07:25:27 | SUCCESS | 成功获取电量数据: 456.60 度
2025-03-05 07:25:27 | DEBUG | 进入数据保存流程
2025-03-05 07:25:27 | INFO | ====== 程序正常结束 ======
2025-03-05 07:39:59 | INFO | ====== 程序启动 ======
2025-03-05 07:39:59 | INFO | ====== 主程序开始执行 ======
2025-03-05 07:39:59 | INFO | 开始查询电费数据，最大重试次数: 3
2025-03-05 07:39:59 | DEBUG | 第 1 次尝试请求接口
2025-03-05 07:39:59 | SUCCESS | 成功获取有效电费数据
2025-03-05 07:39:59 | SUCCESS | 成功获取电量数据: 456.60 度
2025-03-05 07:39:59 | DEBUG | 进入数据保存流程
2025-03-05 07:39:59 | INFO | ====== 程序正常结束 ======
2025-03-05 07:56:29 | INFO | ====== 程序启动 ======
2025-03-05 07:56:29 | INFO | ====== 主程序开始执行 ======
2025-03-05 07:56:29 | INFO | 开始查询电费数据，最大重试次数: 3
2025-03-05 07:56:29 | DEBUG | 第 1 次尝试请求接口
2025-03-05 07:56:29 | SUCCESS | 成功获取有效电费数据
2025-03-05 07:56:29 | SUCCESS | 成功获取电量数据: 456.60 度
2025-03-05 07:56:29 | DEBUG | 进入数据保存流程
2025-03-05 07:56:29 | INFO | ====== 程序正常结束 ======
2025-03-05 08:10:46 | INFO | ====== 程序启动 ======
2025-03-05 08:10:46 | INFO | ====== 主程序开始执行 ======
2025-03-05 08:10:46 | INFO | 开始查询电费数据，最大重试次数: 3
2025-03-05 08:10:46 | DEBUG | 第 1 次尝试请求接口
2025-03-05 08:10:46 | SUCCESS | 成功获取有效电费数据
2025-03-05 08:10:46 | SUCCESS | 成功获取电量数据: 456.60 度
2025-03-05 08:10:46 | DEBUG | 进入数据保存流程
2025-03-05 08:10:46 | INFO | ====== 程序正常结束 ======
2025-03-05 08:25:36 | INFO | ====== 程序启动 ======
2025-03-05 08:25:36 | INFO | ====== 主程序开始执行 ======
2025-03-05 08:25:36 | INFO | 开始查询电费数据，最大重试次数: 3
2025-03-05 08:25:36 | DEBUG | 第 1 次尝试请求接口
2025-03-05 08:25:36 | SUCCESS | 成功获取有效电费数据
2025-03-05 08:25:36 | SUCCESS | 成功获取电量数据: 456.60 度
2025-03-05 08:25:36 | DEBUG | 进入数据保存流程
2025-03-05 08:25:36 | INFO | ====== 程序正常结束 ======
2025-03-05 08:39:51 | INFO | ====== 程序启动 ======
2025-03-05 08:39:51 | INFO | ====== 主程序开始执行 ======
2025-03-05 08:39:51 | INFO | 开始查询电费数据，最大重试次数: 3
2025-03-05 08:39:51 | DEBUG | 第 1 次尝试请求接口
2025-03-05 08:39:52 | SUCCESS | 成功获取有效电费数据
2025-03-05 08:39:52 | SUCCESS | 成功获取电量数据: 456.60 度
2025-03-05 08:39:52 | DEBUG | 进入数据保存流程
2025-03-05 08:39:52 | INFO | ====== 程序正常结束 ======
2025-03-05 08:56:30 | INFO | ====== 程序启动 ======
2025-03-05 08:56:30 | INFO | ====== 主程序开始执行 ======
2025-03-05 08:56:30 | INFO | 开始查询电费数据，最大重试次数: 3
2025-03-05 08:56:30 | DEBUG | 第 1 次尝试请求接口
2025-03-05 08:56:31 | SUCCESS | 成功获取有效电费数据
2025-03-05 08:56:31 | SUCCESS | 成功获取电量数据: 456.60 度
2025-03-05 08:56:31 | DEBUG | 进入数据保存流程
2025-03-05 08:56:31 | INFO | ====== 程序正常结束 ======
2025-03-05 12:55:17 | INFO | ====== 程序启动 ======
2025-03-05 12:55:17 | INFO | ====== 主程序开始执行 ======
2025-03-05 12:55:17 | INFO | 开始查询电费数据，最大重试次数: 3
2025-03-05 12:55:17 | DEBUG | 第 1 次尝试请求接口
2025-03-05 12:55:18 | WARNING | Cookie 已过期，触发更新流程
2025-03-05 12:55:18 | DEBUG | 开始执行登录流程
2025-03-05 12:55:18 | SUCCESS | 登录成功，获取到 id_token
2025-03-05 12:55:18 | DEBUG | 正在获取 cookies部分1
2025-03-05 12:55:19 | SUCCESS | 成功获取到 cookies部分1
2025-03-05 12:55:19 | DEBUG | 正在获取 cookies部分2
2025-03-05 12:55:20 | SUCCESS | 成功获取到 cookies部分2
2025-03-05 12:55:20 | DEBUG | 正在获取 cookies部分3
2025-03-05 12:55:20 | SUCCESS | 成功获取到 cookies部分3
2025-03-05 12:55:21 | INFO | Cookie 更新完成，等待重试...
2025-03-05 12:55:31 | DEBUG | 第 2 次尝试请求接口
2025-03-05 12:55:31 | SUCCESS | 成功获取有效电费数据
2025-03-05 12:55:31 | SUCCESS | 成功获取电量数据: 455.70 度
2025-03-05 12:55:31 | DEBUG | 进入数据保存流程
2025-03-05 12:55:31 | INFO | 检测到电量变化: 456.6 -> 455.7
2025-03-05 12:55:34 | DEBUG | 启动图表生成子进程
2025-03-05 12:56:00 | SUCCESS | 图表生成成功
2025-03-05 12:56:00 | INFO | ====== 程序正常结束 ======
2025-03-05 13:09:44 | INFO | ====== 程序启动 ======
2025-03-05 13:09:44 | INFO | ====== 主程序开始执行 ======
2025-03-05 13:09:44 | INFO | 开始查询电费数据，最大重试次数: 3
2025-03-05 13:09:44 | DEBUG | 第 1 次尝试请求接口
2025-03-05 13:09:45 | SUCCESS | 成功获取有效电费数据
2025-03-05 13:09:45 | SUCCESS | 成功获取电量数据: 455.70 度
2025-03-05 13:09:45 | DEBUG | 进入数据保存流程
2025-03-05 13:09:45 | INFO | ====== 程序正常结束 ======
2025-03-05 13:27:00 | INFO | ====== 程序启动 ======
2025-03-05 13:27:00 | INFO | ====== 主程序开始执行 ======
2025-03-05 13:27:00 | INFO | 开始查询电费数据，最大重试次数: 3
2025-03-05 13:27:00 | DEBUG | 第 1 次尝试请求接口
2025-03-05 13:27:01 | SUCCESS | 成功获取有效电费数据
2025-03-05 13:27:01 | SUCCESS | 成功获取电量数据: 455.70 度
2025-03-05 13:27:01 | DEBUG | 进入数据保存流程
2025-03-05 13:27:01 | INFO | ====== 程序正常结束 ======
2025-03-05 13:41:43 | INFO | ====== 程序启动 ======
2025-03-05 13:41:43 | INFO | ====== 主程序开始执行 ======
2025-03-05 13:41:43 | INFO | 开始查询电费数据，最大重试次数: 3
2025-03-05 13:41:43 | DEBUG | 第 1 次尝试请求接口
2025-03-05 13:41:44 | SUCCESS | 成功获取有效电费数据
2025-03-05 13:41:44 | SUCCESS | 成功获取电量数据: 455.70 度
2025-03-05 13:41:44 | DEBUG | 进入数据保存流程
2025-03-05 13:41:44 | INFO | ====== 程序正常结束 ======
2025-03-05 13:56:33 | INFO | ====== 程序启动 ======
2025-03-05 13:56:33 | INFO | ====== 主程序开始执行 ======
2025-03-05 13:56:33 | INFO | 开始查询电费数据，最大重试次数: 3
2025-03-05 13:56:33 | DEBUG | 第 1 次尝试请求接口
2025-03-05 13:56:34 | SUCCESS | 成功获取有效电费数据
2025-03-05 13:56:34 | SUCCESS | 成功获取电量数据: 455.70 度
2025-03-05 13:56:34 | DEBUG | 进入数据保存流程
2025-03-05 13:56:34 | INFO | ====== 程序正常结束 ======
2025-03-05 14:10:08 | INFO | ====== 程序启动 ======
2025-03-05 14:10:08 | INFO | ====== 主程序开始执行 ======
2025-03-05 14:10:08 | INFO | 开始查询电费数据，最大重试次数: 3
2025-03-05 14:10:08 | DEBUG | 第 1 次尝试请求接口
2025-03-05 14:10:09 | SUCCESS | 成功获取有效电费数据
2025-03-05 14:10:09 | SUCCESS | 成功获取电量数据: 455.70 度
2025-03-05 14:10:09 | DEBUG | 进入数据保存流程
2025-03-05 14:10:09 | INFO | ====== 程序正常结束 ======
2025-03-05 14:24:41 | INFO | ====== 程序启动 ======
2025-03-05 14:24:41 | INFO | ====== 主程序开始执行 ======
2025-03-05 14:24:41 | INFO | 开始查询电费数据，最大重试次数: 3
2025-03-05 14:24:41 | DEBUG | 第 1 次尝试请求接口
2025-03-05 14:24:41 | SUCCESS | 成功获取有效电费数据
2025-03-05 14:24:41 | SUCCESS | 成功获取电量数据: 455.70 度
2025-03-05 14:24:41 | DEBUG | 进入数据保存流程
2025-03-05 14:24:41 | INFO | ====== 程序正常结束 ======
2025-03-05 14:40:19 | INFO | ====== 程序启动 ======
2025-03-05 14:40:19 | INFO | ====== 主程序开始执行 ======
2025-03-05 14:40:19 | INFO | 开始查询电费数据，最大重试次数: 3
2025-03-05 14:40:19 | DEBUG | 第 1 次尝试请求接口
2025-03-05 14:40:20 | SUCCESS | 成功获取有效电费数据
2025-03-05 14:40:20 | SUCCESS | 成功获取电量数据: 455.70 度
2025-03-05 14:40:20 | DEBUG | 进入数据保存流程
2025-03-05 14:40:20 | INFO | ====== 程序正常结束 ======
2025-03-05 14:55:42 | INFO | ====== 程序启动 ======
2025-03-05 14:55:42 | INFO | ====== 主程序开始执行 ======
2025-03-05 14:55:42 | INFO | 开始查询电费数据，最大重试次数: 3
2025-03-05 14:55:42 | DEBUG | 第 1 次尝试请求接口
2025-03-05 14:55:43 | SUCCESS | 成功获取有效电费数据
2025-03-05 14:55:43 | SUCCESS | 成功获取电量数据: 455.70 度
2025-03-05 14:55:43 | DEBUG | 进入数据保存流程
2025-03-05 14:55:43 | INFO | ====== 程序正常结束 ======
2025-03-05 15:11:33 | INFO | ====== 程序启动 ======
2025-03-05 15:11:33 | INFO | ====== 主程序开始执行 ======
2025-03-05 15:11:33 | INFO | 开始查询电费数据，最大重试次数: 3
2025-03-05 15:11:33 | DEBUG | 第 1 次尝试请求接口
2025-03-05 15:11:33 | SUCCESS | 成功获取有效电费数据
2025-03-05 15:11:33 | SUCCESS | 成功获取电量数据: 455.70 度
2025-03-05 15:11:33 | DEBUG | 进入数据保存流程
2025-03-05 15:11:33 | INFO | ====== 程序正常结束 ======
2025-03-05 15:25:11 | INFO | ====== 程序启动 ======
2025-03-05 15:25:11 | INFO | ====== 主程序开始执行 ======
2025-03-05 15:25:11 | INFO | 开始查询电费数据，最大重试次数: 3
2025-03-05 15:25:11 | DEBUG | 第 1 次尝试请求接口
2025-03-05 15:25:11 | SUCCESS | 成功获取有效电费数据
2025-03-05 15:25:11 | SUCCESS | 成功获取电量数据: 455.70 度
2025-03-05 15:25:11 | DEBUG | 进入数据保存流程
2025-03-05 15:25:11 | INFO | ====== 程序正常结束 ======
2025-03-05 15:40:44 | INFO | ====== 程序启动 ======
2025-03-05 15:40:44 | INFO | ====== 主程序开始执行 ======
2025-03-05 15:40:44 | INFO | 开始查询电费数据，最大重试次数: 3
2025-03-05 15:40:44 | DEBUG | 第 1 次尝试请求接口
2025-03-05 15:40:44 | SUCCESS | 成功获取有效电费数据
2025-03-05 15:40:44 | SUCCESS | 成功获取电量数据: 455.70 度
2025-03-05 15:40:44 | DEBUG | 进入数据保存流程
2025-03-05 15:40:44 | INFO | ====== 程序正常结束 ======
2025-03-05 15:56:49 | INFO | ====== 程序启动 ======
2025-03-05 15:56:49 | INFO | ====== 主程序开始执行 ======
2025-03-05 15:56:49 | INFO | 开始查询电费数据，最大重试次数: 3
2025-03-05 15:56:49 | DEBUG | 第 1 次尝试请求接口
2025-03-05 15:56:49 | SUCCESS | 成功获取有效电费数据
2025-03-05 15:56:49 | SUCCESS | 成功获取电量数据: 455.70 度
2025-03-05 15:56:49 | DEBUG | 进入数据保存流程
2025-03-05 15:56:49 | INFO | ====== 程序正常结束 ======
2025-03-05 16:11:00 | INFO | ====== 程序启动 ======
2025-03-05 16:11:00 | INFO | ====== 主程序开始执行 ======
2025-03-05 16:11:00 | INFO | 开始查询电费数据，最大重试次数: 3
2025-03-05 16:11:00 | DEBUG | 第 1 次尝试请求接口
2025-03-05 16:11:01 | SUCCESS | 成功获取有效电费数据
2025-03-05 16:11:01 | SUCCESS | 成功获取电量数据: 455.70 度
2025-03-05 16:11:01 | DEBUG | 进入数据保存流程
2025-03-05 16:11:01 | INFO | ====== 程序正常结束 ======
2025-03-05 16:26:40 | INFO | ====== 程序启动 ======
2025-03-05 16:26:40 | INFO | ====== 主程序开始执行 ======
2025-03-05 16:26:40 | INFO | 开始查询电费数据，最大重试次数: 3
2025-03-05 16:26:40 | DEBUG | 第 1 次尝试请求接口
2025-03-05 16:26:40 | SUCCESS | 成功获取有效电费数据
2025-03-05 16:26:40 | SUCCESS | 成功获取电量数据: 455.70 度
2025-03-05 16:26:40 | DEBUG | 进入数据保存流程
2025-03-05 16:26:40 | INFO | ====== 程序正常结束 ======
2025-03-05 16:40:55 | INFO | ====== 程序启动 ======
2025-03-05 16:40:55 | INFO | ====== 主程序开始执行 ======
2025-03-05 16:40:55 | INFO | 开始查询电费数据，最大重试次数: 3
2025-03-05 16:40:55 | DEBUG | 第 1 次尝试请求接口
2025-03-05 16:40:56 | SUCCESS | 成功获取有效电费数据
2025-03-05 16:40:56 | SUCCESS | 成功获取电量数据: 455.70 度
2025-03-05 16:40:56 | DEBUG | 进入数据保存流程
2025-03-05 16:40:56 | INFO | ====== 程序正常结束 ======
2025-03-05 16:55:08 | INFO | ====== 程序启动 ======
2025-03-05 16:55:08 | INFO | ====== 主程序开始执行 ======
2025-03-05 16:55:08 | INFO | 开始查询电费数据，最大重试次数: 3
2025-03-05 16:55:08 | DEBUG | 第 1 次尝试请求接口
2025-03-05 16:55:09 | SUCCESS | 成功获取有效电费数据
2025-03-05 16:55:09 | SUCCESS | 成功获取电量数据: 455.70 度
2025-03-05 16:55:09 | DEBUG | 进入数据保存流程
2025-03-05 16:55:09 | INFO | ====== 程序正常结束 ======
2025-03-05 17:09:25 | INFO | ====== 程序启动 ======
2025-03-05 17:09:25 | INFO | ====== 主程序开始执行 ======
2025-03-05 17:09:25 | INFO | 开始查询电费数据，最大重试次数: 3
2025-03-05 17:09:25 | DEBUG | 第 1 次尝试请求接口
2025-03-05 17:09:26 | SUCCESS | 成功获取有效电费数据
2025-03-05 17:09:26 | SUCCESS | 成功获取电量数据: 455.70 度
2025-03-05 17:09:26 | DEBUG | 进入数据保存流程
2025-03-05 17:09:26 | INFO | ====== 程序正常结束 ======
2025-03-05 17:25:53 | INFO | ====== 程序启动 ======
2025-03-05 17:25:53 | INFO | ====== 主程序开始执行 ======
2025-03-05 17:25:53 | INFO | 开始查询电费数据，最大重试次数: 3
2025-03-05 17:25:53 | DEBUG | 第 1 次尝试请求接口
2025-03-05 17:25:54 | SUCCESS | 成功获取有效电费数据
2025-03-05 17:25:54 | SUCCESS | 成功获取电量数据: 455.70 度
2025-03-05 17:25:54 | DEBUG | 进入数据保存流程
2025-03-05 17:25:54 | INFO | ====== 程序正常结束 ======
2025-03-05 17:40:48 | INFO | ====== 程序启动 ======
2025-03-05 17:40:48 | INFO | ====== 主程序开始执行 ======
2025-03-05 17:40:48 | INFO | 开始查询电费数据，最大重试次数: 3
2025-03-05 17:40:48 | DEBUG | 第 1 次尝试请求接口
2025-03-05 17:40:49 | SUCCESS | 成功获取有效电费数据
2025-03-05 17:40:49 | SUCCESS | 成功获取电量数据: 455.70 度
2025-03-05 17:40:49 | DEBUG | 进入数据保存流程
2025-03-05 17:40:49 | INFO | ====== 程序正常结束 ======
2025-03-05 17:56:26 | INFO | ====== 程序启动 ======
2025-03-05 17:56:26 | INFO | ====== 主程序开始执行 ======
2025-03-05 17:56:26 | INFO | 开始查询电费数据，最大重试次数: 3
2025-03-05 17:56:26 | DEBUG | 第 1 次尝试请求接口
2025-03-05 17:56:27 | SUCCESS | 成功获取有效电费数据
2025-03-05 17:56:27 | SUCCESS | 成功获取电量数据: 455.70 度
2025-03-05 17:56:27 | DEBUG | 进入数据保存流程
2025-03-05 17:56:27 | INFO | ====== 程序正常结束 ======
2025-03-05 18:10:57 | INFO | ====== 程序启动 ======
2025-03-05 18:10:57 | INFO | ====== 主程序开始执行 ======
2025-03-05 18:10:57 | INFO | 开始查询电费数据，最大重试次数: 3
2025-03-05 18:10:57 | DEBUG | 第 1 次尝试请求接口
2025-03-05 18:10:58 | SUCCESS | 成功获取有效电费数据
2025-03-05 18:10:58 | SUCCESS | 成功获取电量数据: 455.70 度
2025-03-05 18:10:58 | DEBUG | 进入数据保存流程
2025-03-05 18:10:58 | INFO | ====== 程序正常结束 ======
2025-03-05 18:24:40 | INFO | ====== 程序启动 ======
2025-03-05 18:24:40 | INFO | ====== 主程序开始执行 ======
2025-03-05 18:24:40 | INFO | 开始查询电费数据，最大重试次数: 3
2025-03-05 18:24:40 | DEBUG | 第 1 次尝试请求接口
2025-03-05 18:24:41 | SUCCESS | 成功获取有效电费数据
2025-03-05 18:24:41 | SUCCESS | 成功获取电量数据: 455.70 度
2025-03-05 18:24:41 | DEBUG | 进入数据保存流程
2025-03-05 18:24:41 | INFO | ====== 程序正常结束 ======
2025-03-05 18:40:44 | INFO | ====== 程序启动 ======
2025-03-05 18:40:44 | INFO | ====== 主程序开始执行 ======
2025-03-05 18:40:44 | INFO | 开始查询电费数据，最大重试次数: 3
2025-03-05 18:40:44 | DEBUG | 第 1 次尝试请求接口
2025-03-05 18:40:45 | SUCCESS | 成功获取有效电费数据
2025-03-05 18:40:45 | SUCCESS | 成功获取电量数据: 455.70 度
2025-03-05 18:40:45 | DEBUG | 进入数据保存流程
2025-03-05 18:40:45 | INFO | ====== 程序正常结束 ======
2025-03-05 18:57:03 | INFO | ====== 程序启动 ======
2025-03-05 18:57:03 | INFO | ====== 主程序开始执行 ======
2025-03-05 18:57:03 | INFO | 开始查询电费数据，最大重试次数: 3
2025-03-05 18:57:03 | DEBUG | 第 1 次尝试请求接口
2025-03-05 18:57:04 | SUCCESS | 成功获取有效电费数据
2025-03-05 18:57:04 | SUCCESS | 成功获取电量数据: 455.70 度
2025-03-05 18:57:04 | DEBUG | 进入数据保存流程
2025-03-05 18:57:04 | INFO | ====== 程序正常结束 ======
2025-03-05 19:11:32 | INFO | ====== 程序启动 ======
2025-03-05 19:11:32 | INFO | ====== 主程序开始执行 ======
2025-03-05 19:11:32 | INFO | 开始查询电费数据，最大重试次数: 3
2025-03-05 19:11:32 | DEBUG | 第 1 次尝试请求接口
2025-03-05 19:11:34 | SUCCESS | 成功获取有效电费数据
2025-03-05 19:11:34 | SUCCESS | 成功获取电量数据: 454.70 度
2025-03-05 19:11:34 | DEBUG | 进入数据保存流程
2025-03-05 19:11:34 | INFO | 检测到电量变化: 455.7 -> 454.7
2025-03-05 19:11:37 | DEBUG | 启动图表生成子进程
2025-03-05 19:11:58 | SUCCESS | 图表生成成功
2025-03-05 19:11:58 | INFO | ====== 程序正常结束 ======
2025-03-05 20:12:00 | INFO | ====== 程序启动 ======
2025-03-05 20:12:00 | INFO | ====== 主程序开始执行 ======
2025-03-05 20:12:00 | INFO | 开始查询电费数据，最大重试次数: 3
2025-03-05 20:12:00 | DEBUG | 第 1 次尝试请求接口
2025-03-05 20:12:00 | WARNING | Cookie 已过期，触发更新流程
2025-03-05 20:12:00 | DEBUG | 开始执行登录流程
2025-03-05 20:12:00 | SUCCESS | 登录成功，获取到 id_token
2025-03-05 20:12:00 | DEBUG | 正在获取 cookies部分1
2025-03-05 20:12:01 | SUCCESS | 成功获取到 cookies部分1
2025-03-05 20:12:01 | DEBUG | 正在获取 cookies部分2
2025-03-05 20:12:02 | SUCCESS | 成功获取到 cookies部分2
2025-03-05 20:12:02 | DEBUG | 正在获取 cookies部分3
2025-03-05 20:12:03 | SUCCESS | 成功获取到 cookies部分3
2025-03-05 20:12:03 | INFO | Cookie 更新完成，等待重试...
2025-03-05 20:12:13 | DEBUG | 第 2 次尝试请求接口
2025-03-05 20:12:13 | SUCCESS | 成功获取有效电费数据
2025-03-05 20:12:13 | SUCCESS | 成功获取电量数据: 454.70 度
2025-03-05 20:12:13 | DEBUG | 进入数据保存流程
2025-03-05 20:12:13 | INFO | ====== 程序正常结束 ======
2025-03-08 14:27:28 | INFO | ====== 程序启动 ======
2025-03-08 14:28:42 | INFO | ====== 程序启动 ======
2025-03-08 14:28:42 | DEBUG | 当前配置参数: {'payProId': 726, 'schoolcode': 43, 'businesstype': 2, 'roomverify': None}
2025-03-08 14:28:42 | DEBUG | 当前cookies: {'supwisdomapptoken': 'eyJhbGciOiJSUzUxMiJ9.eyJBVFRSX3VzZXJObyI6IjIzMTAzMDIwMDMxMyIsInN1YiI6IjIzMTAzMDIwMDMxMyIsImlzcyI6Im15Y2FzLmhhdXQuZWR1LmNuIiwiZGV2aWNlSWQiOiJaTzZjVnVIKy8xVURBRWxMUEpwdTdBRmkiLCJBVFRSX2lkZW50aXR5VHlwZUlkIjoiUzAxIiwiQVRUUl9hY2NvdW50SWQiOiIzNjgxYTY3MDNjMGExMWVlMTQ5ZmNiNTA4MmVkMjUwOCIsIkFUVFJfdXNlcklkIjoiMzY3M2VhZDAzYzBhMTFlZTE0OWZjYjUwODJlZDI1MDgiLCJBVFRSX2lkZW50aXR5VHlwZUNvZGUiOiJzdHVkZW50IiwiQVRUUl9pZGVudGl0eVR5cGVOYW1lIjoi5pys56eRL-S4k-enkeeUnyIsIkFUVFJfb3JnYW5pemF0aW9uTmFtZSI6IuWcn-acqOW3peeoi-WtpumZoijlu7rnrZHlrabpmaIpIiwiQVRUUl91c2VyTmFtZSI6IuWtmei_m-ejiiIsImV4cCI6MTc0Mzc2ODcyMSwiQVRUUl9vcmdhbml6YXRpb25JZCI6IjAxMDMiLCJpYXQiOjE3NDExNzY3MjEsImp0aSI6IklkLVRva2VuLUlpNURvOUg0YlVvelhFZGEiLCJyZXEiOiJjb20uc3Vwd2lzZG9tLmhhdXQiLCJBVFRSX29yZ2FuaXphdGlvbkNvZGUiOiIwMTAzIn0.u7wT-kHFALMWMKbA175HHj5CZyn8rIRJ1Gb0t6QKGBdSIynhhD4Gf2wefBz1rHD6fp7yFq51fJtYrZ9dUkljW6P7eAovO_c0kfyyBJEHnezl1R8OOdqb7Y5M4D8tT3_59xLiAz5DwaO_6zS8iyFpI_ewtx-eAbE8emmOVSaRNYEvF1hVVY2MVTsmxAIZUj5PdSgG-aYJRW3h2tEqFxalcHmwObn6YRsUlm6mknxlpAWXR2qVwZYWUmFrB8Uu2eo8TX_3fON0cVwkPorcKoTeVUHwZWhF-pIN77-roQF5oiJDsBYPxT1-9368iro11jcyIN34pbqB0qqOeff1_T0rnw', 'sid': 'dlBDR1diWVotV0JQOS1ZeFl4LUFDNjYtUEJBRzZYWjlYUFly', 'b_host': 'eyJmbGFnIjoic3Vwd2lzZG9tYXBwIiwic2NoZW1lQW5kcmlvZCI6IiIsInNjaGVtZUlPUyI6IiJ9', 'SESSION': 'f84509e1-91ec-403c-9145-e2cec5b3bec1'}
2025-03-08 14:28:42 | INFO | ====== 主程序开始执行 ======
2025-03-08 14:28:42 | INFO | 开始查询电费数据，最大重试次数: 3
2025-03-08 14:28:42 | DEBUG | 第 1 次尝试请求接口
2025-03-08 14:28:42 | DEBUG | None
2025-03-08 14:28:43 | WARNING | Cookie 已过期，触发更新流程
2025-03-08 14:28:43 | DEBUG | 开始执行登录流程
2025-03-08 14:28:43 | ERROR | 登录请求失败 | 状态码: 401
2025-03-08 14:35:58 | INFO | ====== 程序启动 ======
2025-03-08 14:35:58 | DEBUG | 当前配置参数: {'payProId': 726, 'schoolcode': 43, 'businesstype': 2, 'roomverify': None}
2025-03-08 14:35:58 | DEBUG | 当前cookies: {'supwisdomapptoken': 'eyJhbGciOiJSUzUxMiJ9.eyJBVFRSX3VzZXJObyI6IjIzMTAzMDIwMDMxMyIsInN1YiI6IjIzMTAzMDIwMDMxMyIsImlzcyI6Im15Y2FzLmhhdXQuZWR1LmNuIiwiZGV2aWNlSWQiOiJaTzZjVnVIKy8xVURBRWxMUEpwdTdBRmkiLCJBVFRSX2lkZW50aXR5VHlwZUlkIjoiUzAxIiwiQVRUUl9hY2NvdW50SWQiOiIzNjgxYTY3MDNjMGExMWVlMTQ5ZmNiNTA4MmVkMjUwOCIsIkFUVFJfdXNlcklkIjoiMzY3M2VhZDAzYzBhMTFlZTE0OWZjYjUwODJlZDI1MDgiLCJBVFRSX2lkZW50aXR5VHlwZUNvZGUiOiJzdHVkZW50IiwiQVRUUl9pZGVudGl0eVR5cGVOYW1lIjoi5pys56eRL-S4k-enkeeUnyIsIkFUVFJfb3JnYW5pemF0aW9uTmFtZSI6IuWcn-acqOW3peeoi-WtpumZoijlu7rnrZHlrabpmaIpIiwiQVRUUl91c2VyTmFtZSI6IuWtmei_m-ejiiIsImV4cCI6MTc0Mzc2ODcyMSwiQVRUUl9vcmdhbml6YXRpb25JZCI6IjAxMDMiLCJpYXQiOjE3NDExNzY3MjEsImp0aSI6IklkLVRva2VuLUlpNURvOUg0YlVvelhFZGEiLCJyZXEiOiJjb20uc3Vwd2lzZG9tLmhhdXQiLCJBVFRSX29yZ2FuaXphdGlvbkNvZGUiOiIwMTAzIn0.u7wT-kHFALMWMKbA175HHj5CZyn8rIRJ1Gb0t6QKGBdSIynhhD4Gf2wefBz1rHD6fp7yFq51fJtYrZ9dUkljW6P7eAovO_c0kfyyBJEHnezl1R8OOdqb7Y5M4D8tT3_59xLiAz5DwaO_6zS8iyFpI_ewtx-eAbE8emmOVSaRNYEvF1hVVY2MVTsmxAIZUj5PdSgG-aYJRW3h2tEqFxalcHmwObn6YRsUlm6mknxlpAWXR2qVwZYWUmFrB8Uu2eo8TX_3fON0cVwkPorcKoTeVUHwZWhF-pIN77-roQF5oiJDsBYPxT1-9368iro11jcyIN34pbqB0qqOeff1_T0rnw', 'sid': 'dlBDR1diWVotV0JQOS1ZeFl4LUFDNjYtUEJBRzZYWjlYUFly', 'b_host': 'eyJmbGFnIjoic3Vwd2lzZG9tYXBwIiwic2NoZW1lQW5kcmlvZCI6IiIsInNjaGVtZUlPUyI6IiJ9', 'SESSION': 'f84509e1-91ec-403c-9145-e2cec5b3bec1'}
2025-03-08 14:35:58 | INFO | ====== 主程序开始执行 ======
2025-03-08 14:35:58 | INFO | 开始查询电费数据，最大重试次数: 3
2025-03-08 14:35:58 | DEBUG | 第 1 次尝试请求接口
2025-03-08 14:35:58 | DEBUG | None
2025-03-08 14:35:58 | WARNING | Cookie 已过期，触发更新流程
2025-03-08 14:35:58 | DEBUG | 开始执行登录流程
2025-03-08 14:35:58 | ERROR | 登录请求失败 | 状态码: 401
